[2026-03-22 16:12:20] production.ERROR: Class "App\Providers\AppServiceProvider" not found {"exception":"[object] (Error(code: 0): Class \"App\\Providers\\AppServiceProvider\" not found at /home/runner/work/Pca/Pca/frontend/vendor/laravel/framework/src/Illuminate/Foundation/ProviderRepository.php:206)
[stacktrace]
#0 /home/runner/work/Pca/Pca/frontend/vendor/laravel/framework/src/Illuminate/Foundation/ProviderRepository.php(142): Illuminate\\Foundation\\ProviderRepository->createProvider()
#1 /home/runner/work/Pca/Pca/frontend/vendor/laravel/framework/src/Illuminate/Foundation/ProviderRepository.php(61): Illuminate\\Foundation\\ProviderRepository->compileManifest()
#2 /home/runner/work/Pca/Pca/frontend/vendor/laravel/framework/src/Illuminate/Foundation/Application.php(871): Illuminate\\Foundation\\ProviderRepository->load()
#3 /home/runner/work/Pca/Pca/frontend/vendor/laravel/framework/src/Illuminate/Foundation/Bootstrap/RegisterProviders.php(37): Illuminate\\Foundation\\Application->registerConfiguredProviders()
#4 /home/runner/work/Pca/Pca/frontend/vendor/laravel/framework/src/Illuminate/Foundation/Application.php(342): Illuminate\\Foundation\\Bootstrap\\RegisterProviders->bootstrap()
#5 /home/runner/work/Pca/Pca/frontend/vendor/laravel/framework/src/Illuminate/Foundation/Console/Kernel.php(474): Illuminate\\Foundation\\Application->bootstrapWith()
#6 /home/runner/work/Pca/Pca/frontend/vendor/laravel/framework/src/Illuminate/Foundation/Console/Kernel.php(196): Illuminate\\Foundation\\Console\\Kernel->bootstrap()
#7 /home/runner/work/Pca/Pca/frontend/vendor/laravel/framework/src/Illuminate/Foundation/Application.php(1235): Illuminate\\Foundation\\Console\\Kernel->handle()
#8 /home/runner/work/Pca/Pca/frontend/artisan(11): Illuminate\\Foundation\\Application->handleCommand()
#9 {main}
"} 
[2026-03-22 16:12:32] production.ERROR: The "--compact" option does not exist. {"exception":"[object] (Symfony\\Component\\Console\\Exception\\RuntimeException(code: 0): The \"--compact\" option does not exist. at /home/runner/work/Pca/Pca/frontend/vendor/symfony/console/Input/ArgvInput.php:226)
[stacktrace]
#0 /home/runner/work/Pca/Pca/frontend/vendor/symfony/console/Input/ArgvInput.php(155): Symfony\\Component\\Console\\Input\\ArgvInput->addLongOption()
#1 /home/runner/work/Pca/Pca/frontend/vendor/symfony/console/Input/ArgvInput.php(88): Symfony\\Component\\Console\\Input\\ArgvInput->parseLongOption()
#2 /home/runner/work/Pca/Pca/frontend/vendor/symfony/console/Input/ArgvInput.php(77): Symfony\\Component\\Console\\Input\\ArgvInput->parseToken()
#3 /home/runner/work/Pca/Pca/frontend/vendor/symfony/console/Input/Input.php(53): Symfony\\Component\\Console\\Input\\ArgvInput->parse()
#4 /home/runner/work/Pca/Pca/frontend/vendor/symfony/console/Command/Command.php(295): Symfony\\Component\\Console\\Input\\Input->bind()
#5 /home/runner/work/Pca/Pca/frontend/vendor/laravel/framework/src/Illuminate/Console/Command.php(182): Symfony\\Component\\Console\\Command\\Command->run()
#6 /home/runner/work/Pca/Pca/frontend/vendor/symfony/console/Application.php(1117): Illuminate\\Console\\Command->run()
#7 /home/runner/work/Pca/Pca/frontend/vendor/symfony/console/Application.php(356): Symfony\\Component\\Console\\Application->doRunCommand()
#8 /home/runner/work/Pca/Pca/frontend/vendor/symfony/console/Application.php(195): Symfony\\Component\\Console\\Application->doRun()
#9 /home/runner/work/Pca/Pca/frontend/vendor/laravel/framework/src/Illuminate/Foundation/Console/Kernel.php(198): Symfony\\Component\\Console\\Application->run()
#10 /home/runner/work/Pca/Pca/frontend/vendor/laravel/framework/src/Illuminate/Foundation/Application.php(1235): Illuminate\\Foundation\\Console\\Kernel->handle()
#11 /home/runner/work/Pca/Pca/frontend/artisan(11): Illuminate\\Foundation\\Application->handleCommand()
#12 {main}
"} 
[2026-03-22 16:12:35] production.ERROR: Class "App\Http\Controllers\Controller" not found {"exception":"[object] (Error(code: 0): Class \"App\\Http\\Controllers\\Controller\" not found at /home/runner/work/Pca/Pca/frontend/app/Http/Controllers/Auth/LoginController.php:14)
[stacktrace]
#0 /home/runner/work/Pca/Pca/frontend/vendor/composer/ClassLoader.php(576): include()
#1 /home/runner/work/Pca/Pca/frontend/vendor/composer/ClassLoader.php(427): Composer\\Autoload\\{closure}()
#2 [internal function]: Composer\\Autoload\\ClassLoader->loadClass()
#3 /home/runner/work/Pca/Pca/frontend/vendor/laravel/framework/src/Illuminate/Routing/Route.php(1117): is_a()
#4 /home/runner/work/Pca/Pca/frontend/vendor/laravel/framework/src/Illuminate/Routing/Route.php(1054): Illuminate\\Routing\\Route->controllerMiddleware()
#5 /home/runner/work/Pca/Pca/frontend/vendor/laravel/framework/src/Illuminate/Routing/Router.php(820): Illuminate\\Routing\\Route->gatherMiddleware()
#6 /home/runner/work/Pca/Pca/frontend/vendor/laravel/framework/src/Illuminate/Foundation/Console/RouteListCommand.php(211): Illuminate\\Routing\\Router->gatherRouteMiddleware()
#7 /home/runner/work/Pca/Pca/frontend/vendor/laravel/framework/src/Illuminate/Foundation/Console/RouteListCommand.php(148): Illuminate\\Foundation\\Console\\RouteListCommand->getMiddleware()
#8 /home/runner/work/Pca/Pca/frontend/vendor/laravel/framework/src/Illuminate/Foundation/Console/RouteListCommand.php(118): Illuminate\\Foundation\\Console\\RouteListCommand->getRouteInformation()
#9 [internal function]: Illuminate\\Foundation\\Console\\RouteListCommand->Illuminate\\Foundation\\Console\\{closure}()
#10 /home/runner/work/Pca/Pca/frontend/vendor/laravel/framework/src/Illuminate/Collections/Arr.php(609): array_map()
#11 /home/runner/work/Pca/Pca/frontend/vendor/laravel/framework/src/Illuminate/Collections/Collection.php(799): Illuminate\\Support\\Arr::map()
#12 /home/runner/work/Pca/Pca/frontend/vendor/laravel/framework/src/Illuminate/Foundation/Console/RouteListCommand.php(117): Illuminate\\Support\\Collection->map()
#13 /home/runner/work/Pca/Pca/frontend/vendor/laravel/framework/src/Illuminate/Foundation/Console/RouteListCommand.php(103): Illuminate\\Foundation\\Console\\RouteListCommand->getRoutes()
#14 /home/runner/work/Pca/Pca/frontend/vendor/laravel/framework/src/Illuminate/Container/BoundMethod.php(36): Illuminate\\Foundation\\Console\\RouteListCommand->handle()
#15 /home/runner/work/Pca/Pca/frontend/vendor/laravel/framework/src/Illuminate/Container/Util.php(43): Illuminate\\Container\\BoundMethod::Illuminate\\Container\\{closure}()
#16 /home/runner/work/Pca/Pca/frontend/vendor/laravel/framework/src/Illuminate/Container/BoundMethod.php(95): Illuminate\\Container\\Util::unwrapIfClosure()
#17 /home/runner/work/Pca/Pca/frontend/vendor/laravel/framework/src/Illuminate/Container/BoundMethod.php(35): Illuminate\\Container\\BoundMethod::callBoundMethod()
#18 /home/runner/work/Pca/Pca/frontend/vendor/laravel/framework/src/Illuminate/Container/Container.php(696): Illuminate\\Container\\BoundMethod::call()
#19 /home/runner/work/Pca/Pca/frontend/vendor/laravel/framework/src/Illuminate/Console/Command.php(213): Illuminate\\Container\\Container->call()
#20 /home/runner/work/Pca/Pca/frontend/vendor/symfony/console/Command/Command.php(341): Illuminate\\Console\\Command->execute()
#21 /home/runner/work/Pca/Pca/frontend/vendor/laravel/framework/src/Illuminate/Console/Command.php(182): Symfony\\Component\\Console\\Command\\Command->run()
#22 /home/runner/work/Pca/Pca/frontend/vendor/symfony/console/Application.php(1117): Illuminate\\Console\\Command->run()
#23 /home/runner/work/Pca/Pca/frontend/vendor/symfony/console/Application.php(356): Symfony\\Component\\Console\\Application->doRunCommand()
#24 /home/runner/work/Pca/Pca/frontend/vendor/symfony/console/Application.php(195): Symfony\\Component\\Console\\Application->doRun()
#25 /home/runner/work/Pca/Pca/frontend/vendor/laravel/framework/src/Illuminate/Foundation/Console/Kernel.php(198): Symfony\\Component\\Console\\Application->run()
#26 /home/runner/work/Pca/Pca/frontend/vendor/laravel/framework/src/Illuminate/Foundation/Application.php(1235): Illuminate\\Foundation\\Console\\Kernel->handle()
#27 /home/runner/work/Pca/Pca/frontend/artisan(11): Illuminate\\Foundation\\Application->handleCommand()
#28 {main}
"} 
